[2022-06-07 06:50:40] local.ERROR: filemtime(): stat failed for D:\Back-end2\BE2-NhomH\Porto-web\.env {"exception":"[object] (ErrorException(code: 0): filemtime(): stat failed for D:\\Back-end2\\BE2-NhomH\\Porto-web\\.env at D:\\Back-end2\\BE2-NhomH\\Porto-web\\vendor\\laravel\\framework\\src\\Illuminate\\Foundation\\Console\\ServeCommand.php:66)
[stacktrace]
#0 [internal function]: Illuminate\\Foundation\\Bootstrap\\HandleExceptions->handleError(2, 'filemtime(): st...', 'D:\\\\Back-end2\\\\BE...', 66, Array)
#1 D:\\Back-end2\\BE2-NhomH\\Porto-web\\vendor\\laravel\\framework\\src\\Illuminate\\Foundation\\Console\\ServeCommand.php(66): filemtime('D:\\\\Back-end2\\\\BE...')
#2 D:\\Back-end2\\BE2-NhomH\\Porto-web\\vendor\\laravel\\framework\\src\\Illuminate\\Container\\BoundMethod.php(36): Illuminate\\Foundation\\Console\\ServeCommand->handle()
#3 D:\\Back-end2\\BE2-NhomH\\Porto-web\\vendor\\laravel\\framework\\src\\Illuminate\\Container\\Util.php(40): Illuminate\\Container\\BoundMethod::Illuminate\\Container\\{closure}()
#4 D:\\Back-end2\\BE2-NhomH\\Porto-web\\vendor\\laravel\\framework\\src\\Illuminate\\Container\\BoundMethod.php(93): Illuminate\\Container\\Util::unwrapIfClosure(Object(Closure))
#5 D:\\Back-end2\\BE2-NhomH\\Porto-web\\vendor\\laravel\\framework\\src\\Illuminate\\Container\\BoundMethod.php(37): Illuminate\\Container\\BoundMethod::callBoundMethod(Object(Illuminate\\Foundation\\Application), Array, Object(Closure))
#6 D:\\Back-end2\\BE2-NhomH\\Porto-web\\vendor\\laravel\\framework\\src\\Illuminate\\Container\\Container.php(653): Illuminate\\Container\\BoundMethod::call(Object(Illuminate\\Foundation\\Application), Array, Array, NULL)
#7 D:\\Back-end2\\BE2-NhomH\\Porto-web\\vendor\\laravel\\framework\\src\\Illuminate\\Console\\Command.php(136): Illuminate\\Container\\Container->call(Array)
#8 D:\\Back-end2\\BE2-NhomH\\Porto-web\\vendor\\symfony\\console\\Command\\Command.php(298): Illuminate\\Console\\Command->execute(Object(Symfony\\Component\\Console\\Input\\ArgvInput), Object(Illuminate\\Console\\OutputStyle))
#9 D:\\Back-end2\\BE2-NhomH\\Porto-web\\vendor\\laravel\\framework\\src\\Illuminate\\Console\\Command.php(121): Symfony\\Component\\Console\\Command\\Command->run(Object(Symfony\\Component\\Console\\Input\\ArgvInput), Object(Illuminate\\Console\\OutputStyle))
#10 D:\\Back-end2\\BE2-NhomH\\Porto-web\\vendor\\symfony\\console\\Application.php(1024): Illuminate\\Console\\Command->run(Object(Symfony\\Component\\Console\\Input\\ArgvInput), Object(Symfony\\Component\\Console\\Output\\ConsoleOutput))
#11 D:\\Back-end2\\BE2-NhomH\\Porto-web\\vendor\\symfony\\console\\Application.php(299): Symfony\\Component\\Console\\Application->doRunCommand(Object(Illuminate\\Foundation\\Console\\ServeCommand), Object(Symfony\\Component\\Console\\Input\\ArgvInput), Object(Symfony\\Component\\Console\\Output\\ConsoleOutput))
#12 D:\\Back-end2\\BE2-NhomH\\Porto-web\\vendor\\symfony\\console\\Application.php(171): Symfony\\Component\\Console\\Application->doRun(Object(Symfony\\Component\\Console\\Input\\ArgvInput), Object(Symfony\\Component\\Console\\Output\\ConsoleOutput))
#13 D:\\Back-end2\\BE2-NhomH\\Porto-web\\vendor\\laravel\\framework\\src\\Illuminate\\Console\\Application.php(94): Symfony\\Component\\Console\\Application->run(Object(Symfony\\Component\\Console\\Input\\ArgvInput), Object(Symfony\\Component\\Console\\Output\\ConsoleOutput))
#14 D:\\Back-end2\\BE2-NhomH\\Porto-web\\vendor\\laravel\\framework\\src\\Illuminate\\Foundation\\Console\\Kernel.php(129): Illuminate\\Console\\Application->run(Object(Symfony\\Component\\Console\\Input\\ArgvInput), Object(Symfony\\Component\\Console\\Output\\ConsoleOutput))
#15 D:\\Back-end2\\BE2-NhomH\\Porto-web\\artisan(37): Illuminate\\Foundation\\Console\\Kernel->handle(Object(Symfony\\Component\\Console\\Input\\ArgvInput), Object(Symfony\\Component\\Console\\Output\\ConsoleOutput))
#16 {main}
"} 
[2022-06-07 06:50:40] local.ERROR: Uncaught Whoops\Exception\ErrorException: include(D:\Back-end2\BE2-NhomH\Porto-web\vendor\composer/../facade/ignition-contracts/src/HasSolutionsForThrowable.php): failed to open stream: No such file or directory in D:\Back-end2\BE2-NhomH\Porto-web\vendor\composer\ClassLoader.php:571
Stack trace:
#0 D:\Back-end2\BE2-NhomH\Porto-web\vendor\composer\ClassLoader.php(571): Whoops\Run->handleError(2, 'include(D:\\Back...', 'D:\\Back-end2\\BE...', 571, Array)
#1 D:\Back-end2\BE2-NhomH\Porto-web\vendor\composer\ClassLoader.php(571): include()
#2 D:\Back-end2\BE2-NhomH\Porto-web\vendor\composer\ClassLoader.php(428): Composer\Autoload\includeFile('D:\\Back-end2\\BE...')
#3 [internal function]: Composer\Autoload\ClassLoader->loadClass('Facade\\Ignition...')
#4 D:\Back-end2\BE2-NhomH\Porto-web\vendor\facade\ignition\src\SolutionProviders\MissingAppKeySolutionProvider.php(10): spl_autoload_call('Facade\\Ignition...')
#5 D:\Back-end2\BE2-NhomH\Porto-web\vendor\composer\ClassLoader.php(571): include('D:\\Back-end2\\BE...')
 {"exception":"[object] (Symfony\\Component\\ErrorHandler\\Error\\FatalError(code: 0): Uncaught Whoops\\Exception\\ErrorException: include(D:\\Back-end2\\BE2-NhomH\\Porto-web\\vendor\\composer/../facade/ignition-contracts/src/HasSolutionsForThrowable.php): failed to open stream: No such file or directory in D:\\Back-end2\\BE2-NhomH\\Porto-web\\vendor\\composer\\ClassLoader.php:571
Stack trace:
#0 D:\\Back-end2\\BE2-NhomH\\Porto-web\\vendor\\composer\\ClassLoader.php(571): Whoops\\Run->handleError(2, 'include(D:\\\\Back...', 'D:\\\\Back-end2\\\\BE...', 571, Array)
#1 D:\\Back-end2\\BE2-NhomH\\Porto-web\\vendor\\composer\\ClassLoader.php(571): include()
#2 D:\\Back-end2\\BE2-NhomH\\Porto-web\\vendor\\composer\\ClassLoader.php(428): Composer\\Autoload\\includeFile('D:\\\\Back-end2\\\\BE...')
#3 [internal function]: Composer\\Autoload\\ClassLoader->loadClass('Facade\\\\Ignition...')
#4 D:\\Back-end2\\BE2-NhomH\\Porto-web\\vendor\\facade\\ignition\\src\\SolutionProviders\\MissingAppKeySolutionProvider.php(10): spl_autoload_call('Facade\\\\Ignition...')
#5 D:\\Back-end2\\BE2-NhomH\\Porto-web\\vendor\\composer\\ClassLoader.php(571): include('D:\\\\Back-end2\\\\BE...')
 at D:\\Back-end2\\BE2-NhomH\\Porto-web\\vendor\\composer\\ClassLoader.php:571)
[stacktrace]
#0 {main}
"} 
